/*C3*/SET SCHEMA PUBLIC
DROP TABLE brommersdb
CREATE TABLE brommersdb (id INTEGER NOT NULL IDENTITY,model VARCHAR(30) NOT NULL, chassisNummer VARCHAR(30) NOT NULL,gewicht FLOAT NOT NULL,aantalKeerOnderhoud INTEGER NOT NULL,klasse VARCHAR(30) NOT NULL,releaseDate DATE NOT NULL,laatsteOnderhoud DATE NOT NULL)
INSERT INTO BROMMERSDB VALUES(0,'Segway E125S','3GYFK66N83G231247',3599.0E0,3,'B','2019-01-14','2022-08-22')
COMMIT
INSERT INTO BROMMERSDB VALUES(1,'Segway E110SE','1B3CC4FB6AN100405',2499.0E0,2,'B','2003-05-17','2022-03-21')
COMMIT
INSERT INTO BROMMERSDB VALUES(2,'Segway E110S','2G4WS52J421173448',2299.0E0,1,'B','1927-09-29','2022-05-20')
COMMIT
INSERT INTO BROMMERSDB VALUES(3,'Segway B110S','KMHTC6AD9DU186351',1779.0E0,0,'B','2013-03-18','2013-04-25')
COMMIT
INSERT INTO BROMMERSDB VALUES(4,'Brekr Model B','1FTJW36F6TEB28864',4749.0E0,3,'B','2016-05-07','2015-07-25')
COMMIT
INSERT INTO BROMMERSDB VALUES(5,'Horwin EK1','1FTRW07602KE58452',2999.0E0,2,'A','2018-02-09','1946-06-25')
COMMIT
INSERT INTO BROMMERSDB VALUES(6,'NIU NQi Sport','1GDGG31V141997219',3374.0E0,1,'A','2007-01-16','1965-09-25')
COMMIT
INSERT INTO BROMMERSDB VALUES(7,'Super Soco CUX','JM1BK12F541168422',2998.0E0,0,'A','2004-07-17','2018-08-25')
COMMIT
INSERT INTO BROMMERSDB VALUES(8,'Sym Orbit 2','WBXPC93408WJ88698',2100.0E0,3,'B','2019-01-14','2010-12-25')
COMMIT
INSERT INTO BROMMERSDB VALUES(9,'Sym Orbit 3','3LNHM26T77R671336',2300.0E0,2,'A','2003-05-17','2014-11-25')
COMMIT
INSERT INTO BROMMERSDB VALUES(10,'AGM VX50I','1J4GW48SX2C184675',1775.0E0,1,'B','1927-09-29','1999-03-25')
COMMIT
INSERT INTO BROMMERSDB VALUES(11,'Peugeot Kisbee Active','5FNYF48589B069185',2298.0E0,0,'B','2013-03-18','1944-01-25')
COMMIT
INSERT INTO BROMMERSDB VALUES(12,'Peugeot Kisbee Streetline','4A4MN21S06E055275',2448.0E0,3,'A','2016-05-07','1984-02-25')
COMMIT
INSERT INTO BROMMERSDB VALUES(13,'Peugeot Django','2GCEC13VX71140064',3398.0E0,2,'B','2018-02-09','2019-04-25')
COMMIT
INSERT INTO BROMMERSDB VALUES(14,'Piaggio Liberty 50 S','1FAFP25195G101531',2858.0E0,1,'B','2007-01-16','1987-08-25')
COMMIT
