<?xml version="1.0" encoding="windows-1252" standalone="no"?>
<!DOCTYPE log SYSTEM "logger.dtd">
<log>
<record>
  <date>2022-11-28T10:50:31.756801Z</date>
  <millis>1669632631756</millis>
  <nanos>801000</nanos>
  <sequence>0</sequence>
  <logger>be.kdg.model.Brommer</logger>
  <level>SEVERE</level>
  <class>be.kdg.model.Brommer</class>
  <method>setModel</method>
  <thread>1</thread>
  <message>Model () is niet geldig, het mag niet leeg zijn.</message>
</record>
<record>
  <date>2022-11-28T10:50:31.830796200Z</date>
  <millis>1669632631830</millis>
  <nanos>796200</nanos>
  <sequence>1</sequence>
  <logger>be.kdg.model.Brommer</logger>
  <level>SEVERE</level>
  <class>be.kdg.model.Brommer</class>
  <method>setGewicht</method>
  <thread>1</thread>
  <message>Gewicht (-2300.12) mag niet negatief of 0 zijn voor brommer Sym orbit 3</message>
</record>
<record>
  <date>2022-11-28T10:50:31.832300Z</date>
  <millis>1669632631832</millis>
  <nanos>300000</nanos>
  <sequence>2</sequence>
  <logger>be.kdg.model.Brommer</logger>
  <level>SEVERE</level>
  <class>be.kdg.model.Brommer</class>
  <method>setGewicht</method>
  <thread>1</thread>
  <message>Gewicht (-2300.12) mag niet negatief of 0 zijn voor brommer Sym orbit 3</message>
</record>
<record>
  <date>2022-11-28T10:50:31.837798700Z</date>
  <millis>1669632631837</millis>
  <nanos>798700</nanos>
  <sequence>3</sequence>
  <logger>be.kdg.model.Brommer</logger>
  <level>SEVERE</level>
  <class>be.kdg.model.Brommer</class>
  <method>setAantalKeerOnderhoud</method>
  <thread>1</thread>
  <message>Aantal keer onderhoud (-2) mag niet negatief zijn voor brommer Sym orbit 3</message>
</record>
<record>
  <date>2022-11-28T10:50:31.838849600Z</date>
  <millis>1669632631838</millis>
  <nanos>849600</nanos>
  <sequence>4</sequence>
  <logger>be.kdg.model.Brommer</logger>
  <level>SEVERE</level>
  <class>be.kdg.model.Brommer</class>
  <method>setChassisNummer</method>
  <thread>1</thread>
  <message>Chassisnummer () mag niet leeg zijn voor brommer Sym orbit 3</message>
</record>
<record>
  <date>2022-11-28T10:50:31.839799600Z</date>
  <millis>1669632631839</millis>
  <nanos>799600</nanos>
  <sequence>5</sequence>
  <logger>be.kdg.model.Brommer</logger>
  <level>SEVERE</level>
  <class>be.kdg.model.Brommer</class>
  <method>setGewicht</method>
  <thread>1</thread>
  <message>Gewicht (-2300.12) mag niet negatief of 0 zijn voor brommer Sym orbit 3</message>
</record>
<record>
  <date>2022-11-28T10:50:31.840800300Z</date>
  <millis>1669632631840</millis>
  <nanos>800300</nanos>
  <sequence>6</sequence>
  <logger>be.kdg.model.Brommer</logger>
  <level>SEVERE</level>
  <class>be.kdg.model.Brommer</class>
  <method>setAantalKeerOnderhoud</method>
  <thread>1</thread>
  <message>Aantal keer onderhoud (-2) mag niet negatief zijn voor brommer Sym orbit 3</message>
</record>
<record>
  <date>2022-11-28T10:50:31.843298400Z</date>
  <millis>1669632631843</millis>
  <nanos>298400</nanos>
  <sequence>7</sequence>
  <logger>be.kdg.model.Brommers</logger>
  <level>FINER</level>
  <class>be.kdg.model.Brommers</class>
  <method>add</method>
  <thread>1</thread>
  <message>Brommer Segway E125S toegevoegd aan treeset</message>
</record>
<record>
  <date>2022-11-28T10:50:31.844226500Z</date>
  <millis>1669632631844</millis>
  <nanos>226500</nanos>
  <sequence>8</sequence>
  <logger>be.kdg.model.Brommers</logger>
  <level>FINER</level>
  <class>be.kdg.model.Brommers</class>
  <method>add</method>
  <thread>1</thread>
  <message>Brommer Segway E110SE toegevoegd aan treeset</message>
</record>
<record>
  <date>2022-11-28T10:50:31.844797200Z</date>
  <millis>1669632631844</millis>
  <nanos>797200</nanos>
  <sequence>9</sequence>
  <logger>be.kdg.model.Brommers</logger>
  <level>FINER</level>
  <class>be.kdg.model.Brommers</class>
  <method>add</method>
  <thread>1</thread>
  <message>Brommer Segway E110S toegevoegd aan treeset</message>
</record>
<record>
  <date>2022-11-28T10:50:31.845296800Z</date>
  <millis>1669632631845</millis>
  <nanos>296800</nanos>
  <sequence>10</sequence>
  <logger>be.kdg.model.Brommers</logger>
  <level>FINER</level>
  <class>be.kdg.model.Brommers</class>
  <method>add</method>
  <thread>1</thread>
  <message>Brommer Segway B110S toegevoegd aan treeset</message>
</record>
<record>
  <date>2022-11-28T10:50:31.845798300Z</date>
  <millis>1669632631845</millis>
  <nanos>798300</nanos>
  <sequence>11</sequence>
  <logger>be.kdg.model.Brommers</logger>
  <level>FINER</level>
  <class>be.kdg.model.Brommers</class>
  <method>add</method>
  <thread>1</thread>
  <message>Brommer Brekr Model B toegevoegd aan treeset</message>
</record>
<record>
  <date>2022-11-28T10:50:31.846797200Z</date>
  <millis>1669632631846</millis>
  <nanos>797200</nanos>
  <sequence>12</sequence>
  <logger>be.kdg.model.Brommers</logger>
  <level>FINER</level>
  <class>be.kdg.model.Brommers</class>
  <method>remove</method>
  <thread>1</thread>
  <message>Brommer Segway E110SE verwijderd uit treeset</message>
</record>
<record>
  <date>2022-11-28T10:50:31.847883Z</date>
  <millis>1669632631847</millis>
  <nanos>883000</nanos>
  <sequence>13</sequence>
  <logger>be.kdg.model.Brommers</logger>
  <level>FINER</level>
  <class>be.kdg.model.Brommers</class>
  <method>remove</method>
  <thread>1</thread>
  <message>Brommer Brekr Model B verwijderd uit treeset</message>
</record>
</log>
