<?xml version="1.0" encoding="windows-1252" standalone="no"?>
<!DOCTYPE log SYSTEM "logger.dtd">
<log>
<record>
  <date>2023-01-10T19:35:14.071511Z</date>
  <millis>1673379314071</millis>
  <nanos>511000</nanos>
  <sequence>0</sequence>
  <logger>be.kdg.model.Brommer</logger>
  <level>SEVERE</level>
  <class>be.kdg.model.Brommer</class>
  <method>setModel</method>
  <thread>1</thread>
  <message>Model () is niet geldig, het mag niet leeg zijn.</message>
</record>
<record>
  <date>2023-01-10T19:35:14.149665900Z</date>
  <millis>1673379314149</millis>
  <nanos>665900</nanos>
  <sequence>1</sequence>
  <logger>be.kdg.model.Brommer</logger>
  <level>SEVERE</level>
  <class>be.kdg.model.Brommer</class>
  <method>setGewicht</method>
  <thread>1</thread>
  <message>Gewicht (-2300.12) mag niet negatief of 0 zijn voor brommer Sym orbit 3</message>
</record>
<record>
  <date>2023-01-10T19:35:14.151158200Z</date>
  <millis>1673379314151</millis>
  <nanos>158200</nanos>
  <sequence>2</sequence>
  <logger>be.kdg.model.Brommer</logger>
  <level>SEVERE</level>
  <class>be.kdg.model.Brommer</class>
  <method>setGewicht</method>
  <thread>1</thread>
  <message>Gewicht (-2300.12) mag niet negatief of 0 zijn voor brommer Sym orbit 3</message>
</record>
<record>
  <date>2023-01-10T19:35:14.157011800Z</date>
  <millis>1673379314157</millis>
  <nanos>11800</nanos>
  <sequence>3</sequence>
  <logger>be.kdg.model.Brommer</logger>
  <level>SEVERE</level>
  <class>be.kdg.model.Brommer</class>
  <method>setAantalKeerOnderhoud</method>
  <thread>1</thread>
  <message>Aantal keer onderhoud (-2) mag niet negatief zijn voor brommer Sym orbit 3</message>
</record>
<record>
  <date>2023-01-10T19:35:14.158373700Z</date>
  <millis>1673379314158</millis>
  <nanos>373700</nanos>
  <sequence>4</sequence>
  <logger>be.kdg.model.Brommer</logger>
  <level>SEVERE</level>
  <class>be.kdg.model.Brommer</class>
  <method>setChassisNummer</method>
  <thread>1</thread>
  <message>Chassisnummer () mag niet leeg zijn voor brommer Sym orbit 3</message>
</record>
<record>
  <date>2023-01-10T19:35:14.159804200Z</date>
  <millis>1673379314159</millis>
  <nanos>804200</nanos>
  <sequence>5</sequence>
  <logger>be.kdg.model.Brommer</logger>
  <level>SEVERE</level>
  <class>be.kdg.model.Brommer</class>
  <method>setGewicht</method>
  <thread>1</thread>
  <message>Gewicht (-2300.12) mag niet negatief of 0 zijn voor brommer Sym orbit 3</message>
</record>
<record>
  <date>2023-01-10T19:35:14.159804200Z</date>
  <millis>1673379314159</millis>
  <nanos>804200</nanos>
  <sequence>6</sequence>
  <logger>be.kdg.model.Brommer</logger>
  <level>SEVERE</level>
  <class>be.kdg.model.Brommer</class>
  <method>setAantalKeerOnderhoud</method>
  <thread>1</thread>
  <message>Aantal keer onderhoud (-2) mag niet negatief zijn voor brommer Sym orbit 3</message>
</record>
<record>
  <date>2023-01-10T19:35:14.163162600Z</date>
  <millis>1673379314163</millis>
  <nanos>162600</nanos>
  <sequence>7</sequence>
  <logger>be.kdg.model.Brommers</logger>
  <level>FINER</level>
  <class>be.kdg.model.Brommers</class>
  <method>add</method>
  <thread>1</thread>
  <message>Brommer Segway E125S toegevoegd aan treeset</message>
</record>
<record>
  <date>2023-01-10T19:35:14.163162600Z</date>
  <millis>1673379314163</millis>
  <nanos>162600</nanos>
  <sequence>8</sequence>
  <logger>be.kdg.model.Brommers</logger>
  <level>FINER</level>
  <class>be.kdg.model.Brommers</class>
  <method>add</method>
  <thread>1</thread>
  <message>Brommer Segway E110SE toegevoegd aan treeset</message>
</record>
<record>
  <date>2023-01-10T19:35:14.163162600Z</date>
  <millis>1673379314163</millis>
  <nanos>162600</nanos>
  <sequence>9</sequence>
  <logger>be.kdg.model.Brommers</logger>
  <level>FINER</level>
  <class>be.kdg.model.Brommers</class>
  <method>add</method>
  <thread>1</thread>
  <message>Brommer Segway E110S toegevoegd aan treeset</message>
</record>
<record>
  <date>2023-01-10T19:35:14.164180Z</date>
  <millis>1673379314164</millis>
  <nanos>180000</nanos>
  <sequence>10</sequence>
  <logger>be.kdg.model.Brommers</logger>
  <level>FINER</level>
  <class>be.kdg.model.Brommers</class>
  <method>add</method>
  <thread>1</thread>
  <message>Brommer Segway B110S toegevoegd aan treeset</message>
</record>
<record>
  <date>2023-01-10T19:35:14.165170Z</date>
  <millis>1673379314165</millis>
  <nanos>170000</nanos>
  <sequence>11</sequence>
  <logger>be.kdg.model.Brommers</logger>
  <level>FINER</level>
  <class>be.kdg.model.Brommers</class>
  <method>add</method>
  <thread>1</thread>
  <message>Brommer Brekr Model B toegevoegd aan treeset</message>
</record>
<record>
  <date>2023-01-10T19:35:14.165170Z</date>
  <millis>1673379314165</millis>
  <nanos>170000</nanos>
  <sequence>12</sequence>
  <logger>be.kdg.model.Brommers</logger>
  <level>FINER</level>
  <class>be.kdg.model.Brommers</class>
  <method>remove</method>
  <thread>1</thread>
  <message>Brommer Segway E110SE verwijderd uit treeset</message>
</record>
<record>
  <date>2023-01-10T19:35:14.166163100Z</date>
  <millis>1673379314166</millis>
  <nanos>163100</nanos>
  <sequence>13</sequence>
  <logger>be.kdg.model.Brommers</logger>
  <level>FINER</level>
  <class>be.kdg.model.Brommers</class>
  <method>remove</method>
  <thread>1</thread>
  <message>Brommer Brekr Model B verwijderd uit treeset</message>
</record>
</log>
