<?xml version="1.0" encoding="windows-1252" standalone="no"?>
<!DOCTYPE log SYSTEM "logger.dtd">
<log>
<record>
  <date>2022-11-28T10:53:09.092625800Z</date>
  <millis>1669632789092</millis>
  <nanos>625800</nanos>
  <sequence>0</sequence>
  <logger>be.model.be.kdg.Brommer</logger>
  <level>SEVERE</level>
  <class>be.model.be.kdg.Brommer</class>
  <method>setModel</method>
  <thread>1</thread>
  <message>Model () is niet geldig, het mag niet leeg zijn.</message>
</record>
<record>
  <date>2022-11-28T10:53:09.144619Z</date>
  <millis>1669632789144</millis>
  <nanos>619000</nanos>
  <sequence>1</sequence>
  <logger>be.model.be.kdg.Brommer</logger>
  <level>SEVERE</level>
  <class>be.model.be.kdg.Brommer</class>
  <method>setGewicht</method>
  <thread>1</thread>
  <message>Gewicht (-2300.12) mag niet negatief of 0 zijn voor brommer Sym orbit 3</message>
</record>
<record>
  <date>2022-11-28T10:53:09.145623Z</date>
  <millis>1669632789145</millis>
  <nanos>623000</nanos>
  <sequence>2</sequence>
  <logger>be.model.be.kdg.Brommer</logger>
  <level>SEVERE</level>
  <class>be.model.be.kdg.Brommer</class>
  <method>setGewicht</method>
  <thread>1</thread>
  <message>Gewicht (-2300.12) mag niet negatief of 0 zijn voor brommer Sym orbit 3</message>
</record>
<record>
  <date>2022-11-28T10:53:09.152123100Z</date>
  <millis>1669632789152</millis>
  <nanos>123100</nanos>
  <sequence>3</sequence>
  <logger>be.model.be.kdg.Brommer</logger>
  <level>SEVERE</level>
  <class>be.model.be.kdg.Brommer</class>
  <method>setAantalKeerOnderhoud</method>
  <thread>1</thread>
  <message>Aantal keer onderhoud (-2) mag niet negatief zijn voor brommer Sym orbit 3</message>
</record>
<record>
  <date>2022-11-28T10:53:09.153622300Z</date>
  <millis>1669632789153</millis>
  <nanos>622300</nanos>
  <sequence>4</sequence>
  <logger>be.model.be.kdg.Brommer</logger>
  <level>SEVERE</level>
  <class>be.model.be.kdg.Brommer</class>
  <method>setChassisNummer</method>
  <thread>1</thread>
  <message>Chassisnummer () mag niet leeg zijn voor brommer Sym orbit 3</message>
</record>
<record>
  <date>2022-11-28T10:53:09.154237800Z</date>
  <millis>1669632789154</millis>
  <nanos>237800</nanos>
  <sequence>5</sequence>
  <logger>be.model.be.kdg.Brommer</logger>
  <level>SEVERE</level>
  <class>be.model.be.kdg.Brommer</class>
  <method>setGewicht</method>
  <thread>1</thread>
  <message>Gewicht (-2300.12) mag niet negatief of 0 zijn voor brommer Sym orbit 3</message>
</record>
<record>
  <date>2022-11-28T10:53:09.154624600Z</date>
  <millis>1669632789154</millis>
  <nanos>624600</nanos>
  <sequence>6</sequence>
  <logger>be.model.be.kdg.Brommer</logger>
  <level>SEVERE</level>
  <class>be.model.be.kdg.Brommer</class>
  <method>setAantalKeerOnderhoud</method>
  <thread>1</thread>
  <message>Aantal keer onderhoud (-2) mag niet negatief zijn voor brommer Sym orbit 3</message>
</record>
<record>
  <date>2022-11-28T10:53:09.157121500Z</date>
  <millis>1669632789157</millis>
  <nanos>121500</nanos>
  <sequence>7</sequence>
  <logger>be.model.be.kdg.Brommers</logger>
  <level>FINER</level>
  <class>be.model.be.kdg.Brommers</class>
  <method>add</method>
  <thread>1</thread>
  <message>Brommer Segway E125S toegevoegd aan treeset</message>
</record>
<record>
  <date>2022-11-28T10:53:09.157630Z</date>
  <millis>1669632789157</millis>
  <nanos>630000</nanos>
  <sequence>8</sequence>
  <logger>be.model.be.kdg.Brommers</logger>
  <level>FINER</level>
  <class>be.model.be.kdg.Brommers</class>
  <method>add</method>
  <thread>1</thread>
  <message>Brommer Segway E110SE toegevoegd aan treeset</message>
</record>
<record>
  <date>2022-11-28T10:53:09.158122Z</date>
  <millis>1669632789158</millis>
  <nanos>122000</nanos>
  <sequence>9</sequence>
  <logger>be.model.be.kdg.Brommers</logger>
  <level>FINER</level>
  <class>be.model.be.kdg.Brommers</class>
  <method>add</method>
  <thread>1</thread>
  <message>Brommer Segway E110S toegevoegd aan treeset</message>
</record>
<record>
  <date>2022-11-28T10:53:09.158122Z</date>
  <millis>1669632789158</millis>
  <nanos>122000</nanos>
  <sequence>10</sequence>
  <logger>be.model.be.kdg.Brommers</logger>
  <level>FINER</level>
  <class>be.model.be.kdg.Brommers</class>
  <method>add</method>
  <thread>1</thread>
  <message>Brommer Segway B110S toegevoegd aan treeset</message>
</record>
<record>
  <date>2022-11-28T10:53:09.158630Z</date>
  <millis>1669632789158</millis>
  <nanos>630000</nanos>
  <sequence>11</sequence>
  <logger>be.model.be.kdg.Brommers</logger>
  <level>FINER</level>
  <class>be.model.be.kdg.Brommers</class>
  <method>add</method>
  <thread>1</thread>
  <message>Brommer Brekr Model B toegevoegd aan treeset</message>
</record>
<record>
  <date>2022-11-28T10:53:09.159629300Z</date>
  <millis>1669632789159</millis>
  <nanos>629300</nanos>
  <sequence>12</sequence>
  <logger>be.model.be.kdg.Brommers</logger>
  <level>FINER</level>
  <class>be.model.be.kdg.Brommers</class>
  <method>remove</method>
  <thread>1</thread>
  <message>Brommer Segway E110SE verwijderd uit treeset</message>
</record>
<record>
  <date>2022-11-28T10:53:09.160129900Z</date>
  <millis>1669632789160</millis>
  <nanos>129900</nanos>
  <sequence>13</sequence>
  <logger>be.model.be.kdg.Brommers</logger>
  <level>FINER</level>
  <class>be.model.be.kdg.Brommers</class>
  <method>remove</method>
  <thread>1</thread>
  <message>Brommer Brekr Model B verwijderd uit treeset</message>
</record>
</log>
